<?xml version="1.0" encoding="UTF-8"?>
<!-- Generated by org.testng.reporters.JUnitXMLReporter -->
<testsuite hostname="CHAITANYA_SHAST" ignored="1" name="Test" tests="9" failures="0" timestamp="2019-12-26T12:37:43 IST" time="40.751" errors="0">
  <testcase name="insert" time="0.606" classname="com.Entry.ChaniAccess"/>
  <testcase name="select" time="0.001" classname="com.Entry.ChaniAccess"/>
  <testcase name="update" time="0.0" classname="com.Entry.ChaniAccess"/>
  <testcase name="delete" time="0.0" classname="com.Entry.ChaniAccess"/>
  <testcase name="login" time="8.0" classname="com.Dataprovider.DataInsert"/>
  <testcase name="login" time="8.003" classname="com.Dataprovider.DataInsert"/>
  <testcase name="login" time="8.002" classname="com.Dataprovider.DataInsert"/>
  <testcase name="login" time="8.001" classname="com.Dataprovider.DataInsert"/>
  <testcase name="login" time="8.0" classname="com.Dataprovider.DataInsert"/>
  <testcase name="test" time="0.0" classname="com.Entry.ChaniAccess">
    <ignored/>
  </testcase> <!-- test -->
</testsuite> <!-- Test -->
